<?xml version="1.0" encoding="UTF-8"?>
<!-- Generated by org.testng.reporters.JUnitReportReporter -->
<testsuite hostname="DESKTOP-A8A2HMC" failures="0" tests="1" name="testscripts.TC_4_SalaryTest" time="38.344" errors="0" timestamp="2023-08-11T07:26:41 IST" skipped="0">
  <testcase classname="testscripts.TC_4_SalaryTest" name="verifyCTCIsNonZero" time="38.344"/>
  <system-out/>
</testsuite> <!-- testscripts.TC_4_SalaryTest -->
