<?xml version="1.0" encoding="UTF-8"?>
<!-- Generated by org.testng.reporters.JUnitReportReporter -->
<testsuite hostname="DESKTOP-A8A2HMC" failures="0" tests="1" name="testscripts.TC_5_ManageUserRolesPaginationTest" time="20.814" errors="0" timestamp="2023-09-10T13:05:37 IST" skipped="0">
  <testcase classname="testscripts.TC_5_ManageUserRolesPaginationTest" name="verifyCorrectRecordCountDisplayed" time="20.814"/>
  <system-out/>
</testsuite> <!-- testscripts.TC_5_ManageUserRolesPaginationTest -->
