<?xml version="1.0" encoding="UTF-8"?>
<!-- Generated by org.testng.reporters.JUnitReportReporter -->
<testsuite hostname="DESKTOP-A8A2HMC" failures="0" tests="1" name="standAloneScripts.RestAssuredBasic" time="12.650" errors="0" timestamp="2024-06-03T13:39:38 IST" skipped="0">
  <testcase classname="standAloneScripts.RestAssuredBasic" name="getResponse" time="12.650"/>
  <system-out/>
</testsuite> <!-- standAloneScripts.RestAssuredBasic -->
