<?xml version="1.0" encoding="UTF-8"?>
<!-- Generated by org.testng.reporters.JUnitReportReporter -->
<testsuite hostname="DESKTOP-A8A2HMC" failures="0" tests="1" name="testscripts.TC_4_SalaryTest" time="32.297" errors="0" timestamp="2023-09-10T12:58:45 IST" skipped="0">
  <testcase classname="testscripts.TC_4_SalaryTest" name="verifyCTCIsNonZero" time="32.297"/>
  <system-out/>
</testsuite> <!-- testscripts.TC_4_SalaryTest -->
