<?xml version="1.0" encoding="UTF-8"?>
<!-- Generated by org.testng.reporters.JUnitReportReporter -->
<testsuite hostname="DESKTOP-A8A2HMC" failures="0" tests="3" name="testscripts.TC_1_LoginTest" time="61.765" errors="0" timestamp="2023-08-11T07:26:41 IST" skipped="0">
  <testcase classname="testscripts.TC_1_LoginTest" name="verfiyLoginWithDataProvider" time="23.159"/>
  <system-out/>
  <testcase classname="testscripts.TC_1_LoginTest" name="verfiyLoginWithDataProvider" time="15.539"/>
  <system-out/>
  <testcase classname="testscripts.TC_1_LoginTest" name="verifyLogin" time="23.067"/>
  <system-out/>
</testsuite> <!-- testscripts.TC_1_LoginTest -->
