<?xml version="1.0" encoding="UTF-8"?>
<!-- Generated by org.testng.reporters.JUnitReportReporter -->
<testsuite hostname="DESKTOP-A8A2HMC" failures="0" tests="1" name="testscripts.TC_2_WidgetTest" time="18.691" errors="0" timestamp="2023-08-11T07:26:41 IST" skipped="0">
  <testcase classname="testscripts.TC_2_WidgetTest" name="verifyWidgetsOnDashboard" time="18.691"/>
  <system-out/>
</testsuite> <!-- testscripts.TC_2_WidgetTest -->
