<?xml version="1.0" encoding="UTF-8"?>
<!-- Generated by org.testng.reporters.JUnitReportReporter -->
<testsuite hostname="DESKTOP-A8A2HMC" failures="0" tests="1" name="testscripts.TC_3_DashboardTest" time="19.921" errors="0" timestamp="2023-08-11T07:26:41 IST" skipped="0">
  <testcase classname="testscripts.TC_3_DashboardTest" name="verifyEmpoyeeCount" time="19.921"/>
  <system-out/>
</testsuite> <!-- testscripts.TC_3_DashboardTest -->
