<?xml version="1.0" encoding="UTF-8"?>
<!-- Generated by org.testng.reporters.JUnitReportReporter -->
<testsuite hostname="DESKTOP-A8A2HMC" failures="0" tests="1" name="testscripts.TC_1_LoginTest" time="34.142" errors="0" timestamp="2024-02-03T07:40:31 IST" skipped="0">
  <testcase classname="testscripts.TC_1_LoginTest" name="verifyLogin" time="34.142"/>
  <system-out/>
</testsuite> <!-- testscripts.TC_1_LoginTest -->
